<?xml version="1.0" encoding="UTF-8"?>
<!-- Generated by org.testng.reporters.JUnitReportReporter -->
<testsuite name="BasicCalculator.maven.com.TestCalc" tests="1" time="0.015" ignored="0" failures="0" timestamp="27 Jan 2020 21:30:14 GMT" skipped="0" hostname="LAPTOP-S8PGKM3G" errors="0">
  <testcase name="testSum" time="0.015" classname="BasicCalculator.maven.com.TestCalc"/>
</testsuite> <!-- BasicCalculator.maven.com.TestCalc -->
