<?xml version="1.0" encoding="UTF-8"?>
<!-- Generated by org.testng.reporters.JUnitReportReporter -->
<testsuite name="BasicCalculator.maven.com.TestCalc" tests="1" time="0.007" ignored="0" failures="0" timestamp="28 Jan 2020 08:37:42 GMT" skipped="0" hostname="LAPTOP-S8PGKM3G" errors="0">
  <testcase name="testSum" time="0.007" classname="BasicCalculator.maven.com.TestCalc"/>
</testsuite> <!-- BasicCalculator.maven.com.TestCalc -->
